<?xml version="1.0" encoding="UTF-8"?>
<!-- Generated by org.testng.reporters.JUnitXMLReporter -->
<testsuite hostname="ChetnaM-PC" ignored="0" name="suite3" tests="3" failures="0" timestamp="22 Mar 2017 08:39:22 GMT" time="1372.041" errors="0">
  <testcase name="verify" time="118.087" classname="com.adv.qa.selenium.tests.currency.A004A_Rate_Type_Currency_ExchangeTest"/>
  <testcase name="verify" time="806.44" classname="com.adv.qa.selenium.tests.currency.A004_Currency_Exchange_Rate_TypesTest"/>
  <testcase name="verify" time="410.746" classname="com.adv.qa.selenium.tests.currency.A005_Currency_Exchange_RatesTest"/>
</testsuite> <!-- suite3 -->
