<?xml version="1.0" encoding="UTF-8"?>
<!-- Generated by org.testng.reporters.JUnitXMLReporter -->
<testsuite hostname="ChetnaM-PC" ignored="0" name="suite12" tests="2" failures="0" timestamp="22 Mar 2017 11:01:43 GMT" time="1157.519" errors="0">
  <testcase name="verify" time="1136.904" classname="com.adv.qa.selenium.tests.currency.A018E_Ledger_Control_Nominals"/>
  <testcase name="verify" time="1145.114" classname="com.adv.qa.selenium.tests.currency.A018D_Ledger_Control_Nominals"/>
</testsuite> <!-- suite12 -->
