<?xml version="1.0" encoding="UTF-8"?>
<!-- Generated by org.testng.reporters.JUnitXMLReporter -->
<testsuite hostname="ChetnaM-PC" ignored="0" name="suite11" tests="2" failures="0" timestamp="17 Mar 2017 06:13:43 GMT" time="1065.309" errors="0">
  <testcase name="verify" time="856.835" classname="com.adv.qa.selenium.tests.currency.A018C_Ledger_Control_Nominals"/>
  <testcase name="verify" time="1045.429" classname="com.adv.qa.selenium.tests.currency.A018B_Ledger_Control_Nominals"/>
</testsuite> <!-- suite11 -->
