<?xml version="1.0" encoding="UTF-8"?>
<!-- Generated by org.testng.reporters.JUnitXMLReporter -->
<testsuite hostname="ChetnaM-PC" ignored="0" name="suite15" tests="2" failures="0" timestamp="23 Mar 2017 06:33:32 GMT" time="945.251" errors="0">
  <testcase name="verify" time="835.978" classname="com.adv.qa.selenium.tests.currency.A024_Batch_TypesTest"/>
  <testcase name="verify" time="932.072" classname="com.adv.qa.selenium.tests.currency.A024A_Batch_TypesTest"/>
</testsuite> <!-- suite15 -->
