<?xml version="1.0" encoding="UTF-8"?>
<!-- Generated by org.testng.reporters.JUnitXMLReporter -->
<testsuite hostname="ChetnaM-PC" ignored="0" name="suite4" tests="4" failures="1" timestamp="16 Mar 2017 07:32:05 GMT" time="830.56" errors="0">
  <testcase name="verify" time="131.153" classname="com.adv.qa.selenium.tests.currency.A007_DevicesTest"/>
  <testcase name="verify" time="233.508" classname="com.adv.qa.selenium.tests.currency.A008_DestinationsTest"/>
  <testcase name="verify" time="174.506" classname="com.adv.qa.selenium.tests.currency.A009_Distribution_ProfileTest"/>
  <testcase name="verify" time="237.2" classname="com.adv.qa.selenium.tests.currency.A010_Environment_Groups_Test">
    <failure type="java.lang.IndexOutOfBoundsException" message="Index: 0, Size: 0">
      <![CDATA[java.lang.IndexOutOfBoundsException: Index: 0, Size: 0
	at java.util.ArrayList.rangeCheck(Unknown Source)
	at java.util.ArrayList.get(Unknown Source)
	at com.adv.qa.selenium.framework.pageObjects.currency.CurrencyPage.clickOnSections(CurrencyPage.java:759)
	at com.adv.qa.selenium.framework.pageObjects.currency.CurrencyPage.searchValue(CurrencyPage.java:2093)
	at com.adv.qa.selenium.tests.currency.A010_Environment_Groups_Test.verifyValues(A010_Environment_Groups_Test.java:87)
	at com.adv.qa.selenium.tests.currency.A010_Environment_Groups_Test.verify(A010_Environment_Groups_Test.java:67)
	at sun.reflect.NativeMethodAccessorImpl.invoke0(Native Method)
	at sun.reflect.NativeMethodAccessorImpl.invoke(Unknown Source)
	at sun.reflect.DelegatingMethodAccessorImpl.invoke(Unknown Source)
	at java.lang.reflect.Method.invoke(Unknown Source)
	at org.testng.internal.MethodInvocationHelper.invokeMethod(MethodInvocationHelper.java:104)
	at org.testng.internal.InvokeMethodRunnable.runOne(InvokeMethodRunnable.java:54)
	at org.testng.internal.InvokeMethodRunnable.run(InvokeMethodRunnable.java:44)
	at java.util.concurrent.Executors$RunnableAdapter.call(Unknown Source)
	at java.util.concurrent.FutureTask.run(Unknown Source)
	at java.util.concurrent.ThreadPoolExecutor.runWorker(Unknown Source)
	at java.util.concurrent.ThreadPoolExecutor$Worker.run(Unknown Source)
	at java.lang.Thread.run(Unknown Source)
]]>
    </failure>
  </testcase> <!-- verify -->
</testsuite> <!-- suite4 -->
