<?xml version="1.0" encoding="UTF-8"?>
<!-- Generated by org.testng.reporters.JUnitXMLReporter -->
<testsuite hostname="ChetnaM-PC" ignored="0" name="suite1" tests="3" failures="0" timestamp="22 Mar 2017 08:04:38 GMT" time="692.045" errors="0">
  <testcase name="verify" time="207.743" classname="com.adv.qa.selenium.tests.currency.A001A_On_line_AuditingTest"/>
  <testcase name="verify" time="61.4" classname="com.adv.qa.selenium.tests.currency.A001_Switch_Intra_Company_Accounting_OnTest"/>
  <testcase name="verify" time="368.312" classname="com.adv.qa.selenium.tests.currency.A002_Currency_DescriptionTest"/>
</testsuite> <!-- suite1 -->
