<?xml version="1.0" encoding="UTF-8"?>
<!-- Generated by org.testng.reporters.JUnitXMLReporter -->
<testsuite hostname="ChetnaM-PC" ignored="0" name="suite2" tests="2" failures="0" timestamp="22 Mar 2017 08:16:30 GMT" time="712.518" errors="0">
  <testcase name="verify" time="527.317" classname="com.adv.qa.selenium.tests.currency.A003_Currency_Base_NonBase_RelationshipsTest"/>
  <testcase name="verify" time="155.264" classname="com.adv.qa.selenium.tests.currency.A006_Company_DefinitionTest"/>
</testsuite> <!-- suite2 -->
