<?xml version="1.0" encoding="UTF-8"?>
<!-- Generated by org.testng.reporters.JUnitXMLReporter -->
<testsuite hostname="ChetnaM-PC" ignored="0" name="suite9" tests="2" failures="0" timestamp="17 Mar 2017 04:31:58 GMT" time="502.067" errors="0">
  <testcase name="verify" time="487.596" classname="com.adv.qa.selenium.tests.currency.A017A_Normal_Balance_Sheet_CategoriesTest"/>
  <testcase name="verify" time="489.949" classname="com.adv.qa.selenium.tests.currency.A017_Normal_Balance_Sheet_CategoriesTest"/>
</testsuite> <!-- suite9 -->
