<?xml version="1.0" encoding="UTF-8"?>
<!-- Generated by org.testng.reporters.JUnitXMLReporter -->
<testsuite hostname="ChetnaM-PC" ignored="0" name="suite8" tests="2" failures="0" timestamp="22 Mar 2017 09:37:53 GMT" time="193.7" errors="0">
  <testcase name="verify" time="154.733" classname="com.adv.qa.selenium.tests.currency.A016A_Normal_Balance_Sheet_GroupsTest"/>
  <testcase name="verify" time="180.863" classname="com.adv.qa.selenium.tests.currency.A016_Normal_Balance_Sheet_GroupsTest"/>
</testsuite> <!-- suite8 -->
