<?xml version="1.0" encoding="UTF-8"?>
<!-- Generated by org.testng.reporters.JUnitXMLReporter -->
<testsuite hostname="ChetnaM-PC" ignored="0" name="suite19" tests="3" failures="0" timestamp="23 Mar 2017 08:13:07 GMT" time="463.017" errors="0">
  <testcase name="verify" time="120.371" classname="com.adv.qa.selenium.tests.currency.A035_Structure_RebuildOracleTest"/>
  <testcase name="verify" time="180.958" classname="com.adv.qa.selenium.tests.currency.A036_BTZ_Elements_For_ICA_StructureTest"/>
  <testcase name="verify" time="125.547" classname="com.adv.qa.selenium.tests.currency.A037_ICA_Default_Trading_RelationshipsTest"/>
</testsuite> <!-- suite19 -->
