<?xml version="1.0" encoding="UTF-8"?>
<!-- Generated by org.testng.reporters.JUnitXMLReporter -->
<testsuite hostname="ChetnaM-PC" ignored="0" name="suite18" tests="3" failures="0" timestamp="23 Mar 2017 08:05:24 GMT" time="1759.79" errors="0">
  <testcase name="verify" time="955.226" classname="com.adv.qa.selenium.tests.currency.A032_Management_CodesTest"/>
  <testcase name="verify" time="480.415" classname="com.adv.qa.selenium.tests.currency.A032A_PathKeyNewParentTest"/>
  <testcase name="verify" time="283.075" classname="com.adv.qa.selenium.tests.currency.A033_Analysis_CodeTest"/>
</testsuite> <!-- suite18 -->
