<?xml version="1.0" encoding="UTF-8"?>
<!-- Generated by org.testng.reporters.JUnitXMLReporter -->
<testsuite hostname="ChetnaM-PC" ignored="0" name="suite3" tests="3" failures="0" timestamp="16 Mar 2017 07:18:14 GMT" time="1351.905" errors="0">
  <testcase name="verify" time="110.164" classname="com.adv.qa.selenium.tests.currency.A004A_Rate_Type_Currency_ExchangeTest"/>
  <testcase name="verify" time="780.645" classname="com.adv.qa.selenium.tests.currency.A004_Currency_Exchange_Rate_TypesTest"/>
  <testcase name="verify" time="422.506" classname="com.adv.qa.selenium.tests.currency.A005_Currency_Exchange_RatesTest"/>
</testsuite> <!-- suite3 -->
