<?xml version="1.0" encoding="UTF-8"?>
<!-- Generated by org.testng.reporters.JUnitXMLReporter -->
<testsuite hostname="ChetnaM-PC" ignored="0" name="suite1" tests="3" failures="0" timestamp="16 Mar 2017 06:47:52 GMT" time="724.096" errors="0">
  <testcase name="verify" time="204.707" classname="com.adv.qa.selenium.tests.currency.A001A_On_line_AuditingTest"/>
  <testcase name="verify" time="60.688" classname="com.adv.qa.selenium.tests.currency.A001_Switch_Intra_Company_Accounting_OnTest"/>
  <testcase name="verify" time="416.29" classname="com.adv.qa.selenium.tests.currency.A002_Currency_DescriptionTest"/>
</testsuite> <!-- suite1 -->
