<?xml version="1.0" encoding="UTF-8"?>
<!-- Generated by org.testng.reporters.JUnitXMLReporter -->
<testsuite hostname="ChetnaM-PC" ignored="0" name="suite8" tests="2" failures="0" timestamp="17 Mar 2017 04:23:36 GMT" time="197.603" errors="0">
  <testcase name="verify" time="152.106" classname="com.adv.qa.selenium.tests.currency.A016A_Normal_Balance_Sheet_GroupsTest"/>
  <testcase name="verify" time="177.757" classname="com.adv.qa.selenium.tests.currency.A016_Normal_Balance_Sheet_GroupsTest"/>
</testsuite> <!-- suite8 -->
