<?xml version="1.0" encoding="UTF-8"?>
<!-- Generated by org.testng.reporters.JUnitXMLReporter -->
<testsuite hostname="ChetnaM-PC" ignored="0" name="suite18" tests="3" failures="0" timestamp="17 Mar 2017 08:56:14 GMT" time="826.083" errors="0">
  <testcase name="verify" time="213.377" classname="com.adv.qa.selenium.tests.currency.A027_Default_StructureTest"/>
  <testcase name="verify" time="165.577" classname="com.adv.qa.selenium.tests.currency.A028_Default_Structure_ControlsTest"/>
  <testcase name="verify" time="407.439" classname="com.adv.qa.selenium.tests.currency.A029_Default_Structure_ElementsTest"/>
</testsuite> <!-- suite18 -->
