<?xml version="1.0" encoding="UTF-8"?>
<!-- Generated by org.testng.reporters.JUnitXMLReporter -->
<testsuite hostname="ChetnaM-PC" ignored="0" name="suite13" tests="4" failures="0" timestamp="22 Mar 2017 12:37:28 GMT" time="3974.328" errors="0">
  <testcase name="verify" time="1041.558" classname="com.adv.qa.selenium.tests.currency.A018_Ledger_Control_Nominals"/>
  <testcase name="verify" time="1267.013" classname="com.adv.qa.selenium.tests.currency.A018C_Ledger_Control_Nominals"/>
  <testcase name="verify" time="460.191" classname="com.adv.qa.selenium.tests.currency.A018F_Ledger_Control_Nominals"/>
  <testcase name="verify" time="1147.239" classname="com.adv.qa.selenium.tests.currency.A018G_Ledger_Control_Nominals"/>
</testsuite> <!-- suite13 -->
