<?xml version="1.0" encoding="UTF-8"?>
<!-- Generated by org.testng.reporters.JUnitXMLReporter -->
<testsuite hostname="ChetnaM-PC" ignored="0" name="suite14" tests="5" failures="0" timestamp="17 Mar 2017 07:16:34 GMT" time="999.144" errors="0">
  <testcase name="verify" time="118.79" classname="com.adv.qa.selenium.tests.currency.A019_Ledger_Control_Management_CodeTest"/>
  <testcase name="verify" time="119.574" classname="com.adv.qa.selenium.tests.currency.A020_Ledger_Control_AccountsTest"/>
  <testcase name="verify" time="174.441" classname="com.adv.qa.selenium.tests.currency.A021_Batch_TypesTest"/>
  <testcase name="verify" time="347.174" classname="com.adv.qa.selenium.tests.currency.A022_Balance_ClassesTest"/>
  <testcase name="verify" time="178.195" classname="com.adv.qa.selenium.tests.currency.A023_Company_ControlsTest"/>
</testsuite> <!-- suite14 -->
