<?xml version="1.0" encoding="UTF-8"?>
<testng-results skipped="0" failed="0" ignored="0" total="1" passed="1">
  <reporter-output>
  </reporter-output>
  <suite name="Default suite" duration-ms="382326" started-at="2017-03-15T12:00:26Z" finished-at="2017-03-15T12:06:48Z">
    <groups>
    </groups>
    <test name="Default test" duration-ms="382326" started-at="2017-03-15T12:00:26Z" finished-at="2017-03-15T12:06:48Z">
      <class name="com.adv.qa.selenium.tests.currency.A003_Currency_Base_NonBase_RelationshipsTest">
        <test-method status="PASS" signature="beforeClass()[pri:0, instance:com.adv.qa.selenium.tests.currency.A003_Currency_Base_NonBase_RelationshipsTest@50a7bc6e]" name="beforeClass" is-config="true" duration-ms="19893" started-at="2017-03-15T17:30:26Z" finished-at="2017-03-15T17:30:46Z">
          <reporter-output>
          </reporter-output>
        </test-method> <!-- beforeClass -->
        <test-method status="PASS" signature="verify(com.adv.qa.selenium.helpers.DataRow)[pri:0, instance:com.adv.qa.selenium.tests.currency.A003_Currency_Base_NonBase_RelationshipsTest@50a7bc6e]" name="verify" duration-ms="361417" started-at="2017-03-15T17:30:46Z" data-provider="dp" finished-at="2017-03-15T17:36:47Z">
          <params>
            <param index="0">
              <value>
                <![CDATA[[DataUnit [userName = SYSTEM], DataUnit [passWord = E5], DataUnit [code = AGC], DataUnit [ukpusdCurrency = UKP], DataUnit [ukpusdCurrency = USD], DataUnit [ukpusdCurrency = Base to Non-Base], DataUnit [ukpusdCurrency = 1], DataUnit [ukpusdCurrency = 1.0], DataUnit [ukpusdCurrency = 1.0], DataUnit [ukpeurCurrency = UKP], DataUnit [ukpeurCurrency = EUR], DataUnit [ukpeurCurrency = Base to Non-Base], DataUnit [ukpeurCurrency = 1], DataUnit [ukpeurCurrency = 1.00], DataUnit [ukpeurCurrency = 1.00], DataUnit [eurukpCurrency = EUR], DataUnit [eurukpCurrency = UKP], DataUnit [eurukpCurrency = Base to Non-Base], DataUnit [eurukpCurrency = 1], DataUnit [eurukpCurrency = 1.0], DataUnit [eurukpCurrency = 1.0], DataUnit [usdukpCurrency = USD], DataUnit [usdukpCurrency = UKP], DataUnit [usdukpCurrency = Base to Non-Base], DataUnit [usdukpCurrency = 1], DataUnit [usdukpCurrency = 1.0], DataUnit [usdukpCurrency = 1.0], DataUnit [frfukpCuurency = FRF], DataUnit [frfukpCuurency = UKP], DataUnit [frfukpCuurency = Non-base to Base], DataUnit [frfukpCuurency = 1], DataUnit [frfukpCuurency = 1.0], DataUnit [frfukpCuurency = 1.0], DataUnit [demukpCurrency = DEM], DataUnit [demukpCurrency = UKP], DataUnit [demukpCurrency = Non-base to Base], DataUnit [demukpCurrency = 1], DataUnit [demukpCurrency = 1.0], DataUnit [demukpCurrency = 1.0], DataUnit [ukpfrfCurrency = UKP], DataUnit [ukpfrfCurrency = FRF], DataUnit [ukpfrfCurrency = Base to Non-Base], DataUnit [ukpfrfCurrency = 1], DataUnit [ukpfrfCurrency = 1.00], DataUnit [ukpfrfCurrency = 1.00], DataUnit [ukpdemCurrency = UKP], DataUnit [ukpdemCurrency = DEM], DataUnit [ukpdemCurrency = Base to Non-Base], DataUnit [ukpdemCurrency = 1], DataUnit [ukpdemCurrency = 1.0], DataUnit [ukpdemCurrency = 1.0]]]]>
              </value>
            </param>
          </params>
          <reporter-output>
          </reporter-output>
        </test-method> <!-- verify -->
        <test-method status="PASS" signature="tearDown()[pri:0, instance:com.adv.qa.selenium.tests.currency.A003_Currency_Base_NonBase_RelationshipsTest@50a7bc6e]" name="tearDown" is-config="true" duration-ms="865" started-at="2017-03-15T17:36:47Z" finished-at="2017-03-15T17:36:48Z">
          <reporter-output>
          </reporter-output>
        </test-method> <!-- tearDown -->
      </class> <!-- com.adv.qa.selenium.tests.currency.A003_Currency_Base_NonBase_RelationshipsTest -->
    </test> <!-- Default test -->
  </suite> <!-- Default suite -->
</testng-results>
