<?xml version="1.0" encoding="UTF-8"?>
<testng-results skipped="0" failed="1" total="1" passed="0">
  <reporter-output>
  </reporter-output>
  <suite name="Default suite" duration-ms="90725" started-at="2017-03-09T11:07:22Z" finished-at="2017-03-09T11:08:52Z">
    <groups>
    </groups>
    <test name="Default test" duration-ms="90725" started-at="2017-03-09T11:07:22Z" finished-at="2017-03-09T11:08:52Z">
      <class name="com.adv.qa.selenium.tests.currency.A002_Currency_DescriptionTest">
        <test-method status="PASS" signature="beforeClass()[pri:0, instance:com.adv.qa.selenium.tests.currency.A002_Currency_DescriptionTest@5b1669c0]" name="beforeClass" is-config="true" duration-ms="16339" started-at="2017-03-09T16:37:22Z" finished-at="2017-03-09T16:37:38Z">
          <reporter-output>
          </reporter-output>
        </test-method> <!-- beforeClass -->
        <test-method status="FAIL" signature="verify(com.adv.qa.selenium.helpers.DataRow)[pri:0, instance:com.adv.qa.selenium.tests.currency.A002_Currency_DescriptionTest@5b1669c0]" name="verify" duration-ms="64243" started-at="2017-03-09T16:37:38Z" data-provider="dp" finished-at="2017-03-09T16:38:42Z">
          <params>
            <param index="0">
              <value>
                <![CDATA[[DataUnit [userName = SYSTEM], DataUnit [passWord = E5], DataUnit [code = AGA], DataUnit [demCurrency = DEM], DataUnit [demCurrency = DEUTCHSMARK], DataUnit [demCurrency = 2], DataUnit [demCurrency = MARK], DataUnit [demCurrency = MARKS], DataUnit [demCurrency = PFENNING], DataUnit [demCurrency = PFENNINGS], DataUnit [demCurrency = Participating], DataUnit [demCurrency = 1.97738], DataUnit [demCurrency = 01 Jan 1998], DataUnit [demCurrency = Hundredth], DataUnit [ukpCurrency = UKP], DataUnit [ukpCurrency = UK PONDS], DataUnit [ukpCurrency = 2], DataUnit [ukpCurrency = POUND], DataUnit [ukpCurrency = POUNDS], DataUnit [ukpCurrency = PENNY], DataUnit [ukpCurrency = PENCE], DataUnit [ukpCurrency = Not Participating], DataUnit [ukpCurrency = ], DataUnit [ukpCurrency = ], DataUnit [ukpCurrency = Hundredth], DataUnit [usdCurrency = USD], DataUnit [usdCurrency = US DOLLAR], DataUnit [usdCurrency = 2], DataUnit [usdCurrency = DOLLAR], DataUnit [usdCurrency = DOLLARS], DataUnit [usdCurrency = CENT], DataUnit [usdCurrency = CENTS], DataUnit [usdCurrency = Not Participating], DataUnit [usdCurrency = ], DataUnit [usdCurrency = ], DataUnit [usdCurrency = Hundredth], DataUnit [frfCurrency = FRF], DataUnit [frfCurrency = French Franc], DataUnit [frfCurrency = 2], DataUnit [frfCurrency = FRANC], DataUnit [frfCurrency = FRANCS], DataUnit [frfCurrency = CENTIME], DataUnit [frfCurrency = CENTIMES], DataUnit [frfCurrency = Participating], DataUnit [frfCurrency = 6.63186], DataUnit [frfCurrency = 01 Jan 1998], DataUnit [frfCurrency = Hundredth]]]]>
              </value>
            </param>
          </params>
          <exception class="java.lang.IndexOutOfBoundsException">
            <message>
              <![CDATA[Index: 0, Size: 0]]>
            </message>
            <full-stacktrace>
              <![CDATA[java.lang.IndexOutOfBoundsException: Index: 0, Size: 0
	at java.util.ArrayList.rangeCheck(ArrayList.java:653)
	at java.util.ArrayList.get(ArrayList.java:429)
	at com.adv.qa.selenium.framework.pageObjects.currency.CurrencyPage.addNewCurrency(CurrencyPage.java:290)
	at com.adv.qa.selenium.tests.currency.A002_Currency_DescriptionTest.createCurrency(A002_Currency_DescriptionTest.java:96)
	at com.adv.qa.selenium.tests.currency.A002_Currency_DescriptionTest.verify(A002_Currency_DescriptionTest.java:73)
	at sun.reflect.NativeMethodAccessorImpl.invoke0(Native Method)
	at sun.reflect.NativeMethodAccessorImpl.invoke(NativeMethodAccessorImpl.java:62)
	at sun.reflect.DelegatingMethodAccessorImpl.invoke(DelegatingMethodAccessorImpl.java:43)
	at java.lang.reflect.Method.invoke(Method.java:498)
	at org.testng.internal.MethodInvocationHelper.invokeMethod(MethodInvocationHelper.java:80)
	at org.testng.internal.Invoker.invokeMethod(Invoker.java:715)
	at org.testng.internal.Invoker.invokeTestMethod(Invoker.java:907)
	at org.testng.internal.Invoker.invokeTestMethods(Invoker.java:1237)
	at org.testng.internal.TestMethodWorker.invokeTestMethods(TestMethodWorker.java:127)
	at org.testng.internal.TestMethodWorker.run(TestMethodWorker.java:111)
	at org.testng.TestRunner.privateRun(TestRunner.java:767)
	at org.testng.TestRunner.run(TestRunner.java:617)
	at org.testng.SuiteRunner.runTest(SuiteRunner.java:334)
	at org.testng.SuiteRunner.runSequentially(SuiteRunner.java:329)
	at org.testng.SuiteRunner.privateRun(SuiteRunner.java:291)
	at org.testng.SuiteRunner.run(SuiteRunner.java:240)
	at org.testng.SuiteRunnerWorker.runSuite(SuiteRunnerWorker.java:51)
	at org.testng.SuiteRunnerWorker.run(SuiteRunnerWorker.java:85)
	at org.testng.TestNG.runSuitesSequentially(TestNG.java:1197)
	at org.testng.TestNG.runSuitesLocally(TestNG.java:1122)
	at org.testng.TestNG.run(TestNG.java:1030)
	at org.testng.remote.AbstractRemoteTestNG.run(AbstractRemoteTestNG.java:132)
	at org.testng.remote.RemoteTestNG.initAndRun(RemoteTestNG.java:236)
	at org.testng.remote.RemoteTestNG.main(RemoteTestNG.java:81)
]]>
            </full-stacktrace>
          </exception> <!-- java.lang.IndexOutOfBoundsException -->
          <reporter-output>
          </reporter-output>
        </test-method> <!-- verify -->
        <test-method status="PASS" signature="tearDown()[pri:0, instance:com.adv.qa.selenium.tests.currency.A002_Currency_DescriptionTest@5b1669c0]" name="tearDown" is-config="true" duration-ms="755" started-at="2017-03-09T16:38:51Z" finished-at="2017-03-09T16:38:52Z">
          <reporter-output>
          </reporter-output>
        </test-method> <!-- tearDown -->
      </class> <!-- com.adv.qa.selenium.tests.currency.A002_Currency_DescriptionTest -->
    </test> <!-- Default test -->
  </suite> <!-- Default suite -->
</testng-results>
